Arguments: 
  /usr/local/bin/node /usr/local/bin/yarn add babel-present-env

PATH: 
  /usr/local/sbin:/usr/local/bin:/usr/sbin:/usr/bin:/sbin:/bin:/usr/games:/usr/local/games:/snap/bin

Yarn version: 
  1.5.1

Node version: 
  10.6.0

Platform: 
  linux x64

npm manifest: 
  {
    "name": "stackathon",
    "version": "0.1.0",
    "private": true,
    "devDependencies": {
      "babel-core": "^6.26.0",
      "babel-loader": "^7.1.2",
      "babel-preset-es2015": "^6.24.1",
      "babel-preset-react": "^6.24.1",
      "babel-preset-stage-2": "^6.24.1",
      "jest-expo": "^22.0.0",
      "react-native-scripts": "^1.14.1",
      "react-test-renderer": "16.0.0-beta.5",
      "volleyball": "^1.4.1",
      "webpack": "^3.5.5"
    },
    "main": "./node_modules/react-native-scripts/build/bin/crna-entry.js",
    "scripts": {
      "start": "react-native-scripts start",
      "eject": "react-native-scripts eject",
      "android": "react-native-scripts android",
      "ios": "react-native-scripts ios",
      "test": "node node_modules/jest/bin/jest.js --watch",
      "start-server": "NODE_ENV='development' nodemon server/start.js -e html,js,css  --ignore public",
      "seed": "node db/seed",
      "start-dev": "npm run start-server"
    },
    "jest": {
      "preset": "jest-expo"
    },
    "dependencies": {
      "axios": "^0.16.2",
      "body-parser": "^1.15.2",
      "expo": "^22.0.2",
      "express": "^4.14.0",
      "pg": "^6.1.0",
      "pg-native": "^1.10.0",
      "react": "16.0.0-beta.5",
      "react-native": "^0.56.0",
      "react-native-datepicker": "^1.6.0",
      "react-native-elements": "^0.18.2",
      "react-native-router-flux": "^4.0.0-beta.31",
      "sequelize": "^4.7.4"
    }
  }

yarn manifest: 
  No manifest

Lockfile: 
  No lockfile

Trace: 
  Error: https://registry.yarnpkg.com/babel-present-env: Not found
      at Request.params.callback [as _callback] (/usr/local/lib/node_modules/yarn/lib/cli.js:65019:18)
      at Request.self.callback (/usr/local/lib/node_modules/yarn/lib/cli.js:132430:22)
      at Request.emit (events.js:182:13)
      at Request.<anonymous> (/usr/local/lib/node_modules/yarn/lib/cli.js:133413:10)
      at Request.emit (events.js:182:13)
      at IncomingMessage.<anonymous> (/usr/local/lib/node_modules/yarn/lib/cli.js:133333:12)
      at Object.onceWrapper (events.js:273:13)
      at IncomingMessage.emit (events.js:187:15)
      at endReadableNT (_stream_readable.js:1081:12)
      at process._tickCallback (internal/process/next_tick.js:63:19)
